<?xml version="1.0" encoding="UTF-8"?>
<!-- Generated by org.testng.reporters.JUnitReportReporter -->
<testsuite skipped="0" hostname="Bryans-Air" name="webDriverTestNG.AmazonTest" tests="3" failures="0" timestamp="16 Aug 2022 19:28:37 GMT" time="38.155" errors="0">
  <testcase name="register" time="11.641" classname="webDriverTestNG.AmazonTest"/>
  <testcase name="login" time="9.665" classname="webDriverTestNG.AmazonTest"/>
  <testcase name="addToCart" time="16.849" classname="webDriverTestNG.AmazonTest"/>
</testsuite> <!-- webDriverTestNG.AmazonTest -->
