<?xml version="1.0" encoding="UTF-8"?>
<!-- Generated by org.testng.reporters.JUnitReportReporter -->
<testsuite skipped="0" hostname="Bryans-Air" name="webDriverTestNG.AmazonTest" tests="3" failures="0" timestamp="16 Aug 2022 20:18:18 GMT" time="72.686" errors="0">
  <testcase name="register" time="16.968" classname="webDriverTestNG.AmazonTest"/>
  <testcase name="login" time="17.403" classname="webDriverTestNG.AmazonTest"/>
  <testcase name="addToCart" time="38.315" classname="webDriverTestNG.AmazonTest"/>
</testsuite> <!-- webDriverTestNG.AmazonTest -->
